Copyright 1986-2022 Xilinx, Inc. All Rights Reserved. Copyright 2022-2025 Advanced Micro Devices, Inc. All Rights Reserved.
---------------------------------------------------------------------------------------------------------------------------------------------
| Tool Version : Vivado v.2025.2 (win64) Build 6299465 Fri Nov 14 19:35:11 GMT 2025
| Date         : Wed Jun 17 18:37:47 2026
| Host         : funda05 running 64-bit major release  (build 9200)
| Command      : report_control_sets -verbose -file top_level_control_sets_placed.rpt
| Design       : top_level
| Device       : xc7a35ti
---------------------------------------------------------------------------------------------------------------------------------------------

Control Set Information

Table of Contents
-----------------
1. Summary
2. Histogram
3. Flip-Flop Distribution
4. Detailed Control Set Information

1. Summary
----------

+----------------------------------------------------------+-------+
|                          Status                          | Count |
+----------------------------------------------------------+-------+
| Total control sets                                       |    32 |
|    Minimum number of control sets                        |    32 |
|    Addition due to synthesis replication                 |     0 |
|    Addition due to physical synthesis replication        |     0 |
| Unused register locations in slices containing registers |   136 |
+----------------------------------------------------------+-------+
* Control sets can be merged at opt_design using control_set_merge or merge_equivalent_drivers
** Run report_qor_suggestions for automated merging and remapping suggestions


2. Histogram
------------

+--------------------+-------+
|       Fanout       | Count |
+--------------------+-------+
| Total control sets |    32 |
| >= 0 to < 4        |    10 |
| >= 4 to < 6        |     5 |
| >= 6 to < 8        |     0 |
| >= 8 to < 10       |    10 |
| >= 10 to < 12      |     1 |
| >= 12 to < 14      |     0 |
| >= 14 to < 16      |     0 |
| >= 16              |     6 |
+--------------------+-------+
* Control sets can be remapped at either synth_design or opt_design


3. Flip-Flop Distribution
-------------------------

+--------------+-----------------------+------------------------+-----------------+--------------+
| Clock Enable | Synchronous Set/Reset | Asynchronous Set/Reset | Total Registers | Total Slices |
+--------------+-----------------------+------------------------+-----------------+--------------+
| No           | No                    | No                     |               0 |            0 |
| No           | No                    | Yes                    |              91 |           31 |
| No           | Yes                   | No                     |               0 |            0 |
| Yes          | No                    | No                     |             173 |           60 |
| Yes          | No                    | Yes                    |              56 |           22 |
| Yes          | Yes                   | No                     |              24 |           10 |
+--------------+-----------------------+------------------------+-----------------+--------------+


4. Detailed Control Set Information
-----------------------------------

+----------------+-------------------------------------------+------------------------------------------+------------------+----------------+--------------+
|  Clock Signal  |               Enable Signal               |             Set/Reset Signal             | Slice Load Count | Bel Load Count | Bels / Slice |
+----------------+-------------------------------------------+------------------------------------------+------------------+----------------+--------------+
|  clk_IBUF_BUFG | Inst_Driver_X/r_dir3_out                  | reset_IBUF                               |                1 |              1 |         1.00 |
|  clk_IBUF_BUFG | Inst_Driver_Y/r_dir3_out                  | reset_IBUF                               |                1 |              1 |         1.00 |
|  clk_IBUF_BUFG | Inst_UART_RX/p_0_in[0]                    |                                          |                1 |              1 |         1.00 |
|  clk_IBUF_BUFG | Inst_UART_RX/p_0_in[1]                    |                                          |                1 |              1 |         1.00 |
|  clk_IBUF_BUFG | Inst_UART_RX/p_0_in[2]                    |                                          |                1 |              1 |         1.00 |
|  clk_IBUF_BUFG | Inst_UART_RX/p_0_in[3]                    |                                          |                1 |              1 |         1.00 |
|  clk_IBUF_BUFG | Inst_UART_RX/p_0_in[5]                    |                                          |                1 |              1 |         1.00 |
|  clk_IBUF_BUFG | Inst_UART_RX/p_0_in[6]                    |                                          |                1 |              1 |         1.00 |
|  clk_IBUF_BUFG | Inst_UART_RX/p_0_in[4]                    |                                          |                1 |              1 |         1.00 |
|  clk_IBUF_BUFG | Inst_UART_RX/p_0_in[7]                    |                                          |                1 |              1 |         1.00 |
|  clk_IBUF_BUFG | Inst_FSM_Main/r_byte_count[3]_i_1_n_0     |                                          |                2 |              4 |         2.00 |
|  clk_IBUF_BUFG | Inst_FSM_Main/r_calc_checksum0            |                                          |                1 |              4 |         4.00 |
|  clk_IBUF_BUFG | Inst_FSM_Main/r_calc_checksum0            | Inst_FSM_Main/r_calc_checksum[6]_i_1_n_0 |                2 |              4 |         2.00 |
|  clk_IBUF_BUFG | Inst_FSM_Main/r_rx_buffer_reg[1]0         |                                          |                3 |              4 |         1.33 |
|  clk_IBUF_BUFG | Inst_Bresenham/err_x0                     | Inst_Bresenham/err_x[16]_i_1_n_0         |                3 |              4 |         1.33 |
|  clk_IBUF_BUFG | Inst_UART_RX/data_out[7]_i_1_n_0          | reset_IBUF                               |                1 |              8 |         8.00 |
|  clk_IBUF_BUFG | Inst_FSM_Main/r_rx_buffer_reg[2]0         |                                          |                3 |              8 |         2.67 |
|  clk_IBUF_BUFG | Inst_FSM_Main/r_rx_buffer_reg[3]0         |                                          |                2 |              8 |         4.00 |
|  clk_IBUF_BUFG | Inst_FSM_Main/r_rx_buffer_reg[4]0         |                                          |                2 |              8 |         4.00 |
|  clk_IBUF_BUFG | Inst_FSM_Main/r_rx_buffer_reg[5]0         |                                          |                2 |              8 |         4.00 |
|  clk_IBUF_BUFG | Inst_FSM_Main/r_rx_buffer_reg[8]0         |                                          |                2 |              8 |         4.00 |
|  clk_IBUF_BUFG | Inst_Driver_X/r_setup_count[8]_i_1_n_0    | reset_IBUF                               |                4 |              9 |         2.25 |
|  clk_IBUF_BUFG | Inst_Driver_X/r_step_count[8]_i_1_n_0     | reset_IBUF                               |                3 |              9 |         3.00 |
|  clk_IBUF_BUFG | Inst_Driver_Y/r_step_count[8]_i_1__0_n_0  | reset_IBUF                               |                4 |              9 |         2.25 |
|  clk_IBUF_BUFG | Inst_Driver_Y/r_setup_count[8]_i_1__0_n_0 | reset_IBUF                               |                5 |              9 |         1.80 |
|  clk_IBUF_BUFG | Inst_UART_RX/r_Clk_Count[9]_i_1__0_n_0    | reset_IBUF                               |                3 |             10 |         3.33 |
|  clk_IBUF_BUFG | Inst_Bresenham/r_max_steps0               |                                          |                4 |             16 |         4.00 |
|  clk_IBUF_BUFG | Inst_Bresenham/r_step_count0              | Inst_Bresenham/r_step_count[15]_i_1_n_0  |                5 |             16 |         3.20 |
|  clk_IBUF_BUFG | Inst_Bresenham/err_x0                     |                                          |                9 |             30 |         3.33 |
|  clk_IBUF_BUFG | Inst_Bresenham/r_steps_x0                 |                                          |               12 |             32 |         2.67 |
|  clk_IBUF_BUFG | Inst_FSM_Main/dir_x0                      |                                          |               10 |             35 |         3.50 |
|  clk_IBUF_BUFG |                                           | reset_IBUF                               |               31 |             91 |         2.94 |
+----------------+-------------------------------------------+------------------------------------------+------------------+----------------+--------------+


